<?xml version="1.0" encoding="UTF-8"?>
<!-- Generated by org.testng.reporters.JUnitReportReporter -->
<testsuite skipped="0" hostname="Efrems-MacBook-Pro.local" name="tests.ZipCodeRangeTest" tests="1" failures="0" timestamp="04 Mar 2018 19:22:58 GMT" time="66.397" errors="0">
  <testcase name="testzipCodeRange" time="66.397" classname="tests.ZipCodeRangeTest"/>
</testsuite> <!-- tests.ZipCodeRangeTest -->
