<?xml version="1.0" encoding="UTF-8"?>
<!-- Generated by org.testng.reporters.JUnitReportReporter -->
<testsuite skipped="0" hostname="Efrems-MBP.attlocal.net" name="com.zipCodeRangeResolver.test.ZipCodeRangeTest" tests="1" failures="0" timestamp="05 Mar 2018 04:59:35 GMT" time="82.689" errors="0">
  <testcase name="testzipCodeRange" time="82.689" classname="com.zipCodeRangeResolver.test.ZipCodeRangeTest"/>
</testsuite> <!-- com.zipCodeRangeResolver.test.ZipCodeRangeTest -->
