<?xml version="1.0" encoding="UTF-8"?>
<!-- Generated by org.testng.reporters.JUnitReportReporter -->
<testsuite skipped="0" hostname="Efrems-MacBook-Pro.local" name="tests.BinarySearchTreeTest" tests="1" failures="0" timestamp="28 Jan 2018 07:59:51 GMT" time="0.015" errors="0">
  <testcase name="binarySearchTreeTester" time="0.015" classname="tests.BinarySearchTreeTest"/>
</testsuite> <!-- tests.BinarySearchTreeTest -->
